{"uuid":"247a8676-bd0b-4260-b3f5-89fa464d60a3","name":"Cenario: Verificando valores de cursos parcelado","children":["176462a5-2ae1-49b8-8221-22aec44b41ea"],"befores":[{"name":"Hooks.setUp()","status":"broken","statusDetails":{"known":false,"muted":false,"flaky":false,"message":"Before is failed: no such window: target window already closed\nfrom unknown error: web view not found\n  (Session info: chrome=87.0.4280.141)\nBuild info: version: '3.14.0', revision: 'aacccce0', time: '2018-08-02T20:19:58.91Z'\nSystem info: host: 'STFJFAC042737-L', ip: '192.168.2.122', os.name: 'Windows 10', os.arch: 'amd64', os.version: '10.0', java.version: '1.8.0_261'\nDriver info: org.openqa.selenium.chrome.ChromeDriver\nCapabilities {acceptInsecureCerts: false, browserName: chrome, browserVersion: 87.0.4280.141, chrome: {chromedriverVersion: 87.0.4280.88 (89e2380a3e36c..., userDataDir: C:\\Users\\BLMESQ~1\\AppData\\L...}, goog:chromeOptions: {debuggerAddress: localhost:56515}, javascriptEnabled: true, networkConnectionEnabled: false, pageLoadStrategy: normal, platform: WINDOWS, platformName: WINDOWS, proxy: Proxy(), setWindowRect: true, strictFileInteractability: false, timeouts: {implicit: 0, pageLoad: 300000, script: 30000}, unhandledPromptBehavior: dismiss and notify, webauthn:virtualAuthenticators: true}\nSession ID: 8a61cd9eab3f572c7dece8ed3a17735b","trace":"org.openqa.selenium.NoSuchWindowException: no such window: target window already closed\nfrom unknown error: web view not found\n  (Session info: chrome=87.0.4280.141)\nBuild info: version: '3.14.0', revision: 'aacccce0', time: '2018-08-02T20:19:58.91Z'\nSystem info: host: 'STFJFAC042737-L', ip: '192.168.2.122', os.name: 'Windows 10', os.arch: 'amd64', os.version: '10.0', java.version: '1.8.0_261'\nDriver info: org.openqa.selenium.chrome.ChromeDriver\nCapabilities {acceptInsecureCerts: false, browserName: chrome, browserVersion: 87.0.4280.141, chrome: {chromedriverVersion: 87.0.4280.88 (89e2380a3e36c..., userDataDir: C:\\Users\\BLMESQ~1\\AppData\\L...}, goog:chromeOptions: {debuggerAddress: localhost:56515}, javascriptEnabled: true, networkConnectionEnabled: false, pageLoadStrategy: normal, platform: WINDOWS, platformName: WINDOWS, proxy: Proxy(), setWindowRect: true, strictFileInteractability: false, timeouts: {implicit: 0, pageLoad: 300000, script: 30000}, unhandledPromptBehavior: dismiss and notify, webauthn:virtualAuthenticators: true}\nSession ID: 8a61cd9eab3f572c7dece8ed3a17735b\r\n\tat sun.reflect.NativeConstructorAccessorImpl.newInstance0(Native Method)\r\n\tat sun.reflect.NativeConstructorAccessorImpl.newInstance(Unknown Source)\r\n\tat sun.reflect.DelegatingConstructorAccessorImpl.newInstance(Unknown Source)\r\n\tat java.lang.reflect.Constructor.newInstance(Unknown Source)\r\n\tat org.openqa.selenium.remote.http.W3CHttpResponseCodec.createException(W3CHttpResponseCodec.java:187)\r\n\tat org.openqa.selenium.remote.http.W3CHttpResponseCodec.decode(W3CHttpResponseCodec.java:122)\r\n\tat org.openqa.selenium.remote.http.W3CHttpResponseCodec.decode(W3CHttpResponseCodec.java:49)\r\n\tat org.openqa.selenium.remote.HttpCommandExecutor.execute(HttpCommandExecutor.java:158)\r\n\tat org.openqa.selenium.remote.service.DriverCommandExecutor.execute(DriverCommandExecutor.java:83)\r\n\tat org.openqa.selenium.remote.RemoteWebDriver.execute(RemoteWebDriver.java:548)\r\n\tat org.openqa.selenium.remote.RemoteWebDriver.execute(RemoteWebDriver.java:605)\r\n\tat org.openqa.selenium.remote.RemoteWebDriver$RemoteWebDriverOptions$RemoteWindow.maximize(RemoteWebDriver.java:833)\r\n\tat utils.Utils.acessarSistema(Utils.java:38)\r\n\tat steps.Hooks.setUp(Hooks.java:15)\r\n\tat sun.reflect.NativeMethodAccessorImpl.invoke0(Native Method)\r\n\tat sun.reflect.NativeMethodAccessorImpl.invoke(Unknown Source)\r\n\tat sun.reflect.DelegatingMethodAccessorImpl.invoke(Unknown Source)\r\n\tat java.lang.reflect.Method.invoke(Unknown Source)\r\n\tat cucumber.runtime.Utils$1.call(Utils.java:26)\r\n\tat cucumber.runtime.Timeout.timeout(Timeout.java:16)\r\n\tat cucumber.runtime.Utils.invoke(Utils.java:20)\r\n\tat cucumber.runtime.java.JavaHookDefinition.execute(JavaHookDefinition.java:65)\r\n\tat cucumber.runner.HookDefinitionMatch.runStep(HookDefinitionMatch.java:16)\r\n\tat cucumber.runner.TestStep.executeStep(TestStep.java:65)\r\n\tat cucumber.runner.TestStep.run(TestStep.java:50)\r\n\tat cucumber.runner.TestCase.run(TestCase.java:42)\r\n\tat cucumber.runner.Runner.runPickle(Runner.java:50)\r\n\tat io.cucumber.junit.PickleRunners$NoStepDescriptions.run(PickleRunners.java:146)\r\n\tat io.cucumber.junit.FeatureRunner.runChild(FeatureRunner.java:68)\r\n\tat io.cucumber.junit.FeatureRunner.runChild(FeatureRunner.java:23)\r\n\tat org.junit.runners.ParentRunner$3.run(ParentRunner.java:290)\r\n\tat org.junit.runners.ParentRunner$1.schedule(ParentRunner.java:71)\r\n\tat org.junit.runners.ParentRunner.runChildren(ParentRunner.java:288)\r\n\tat org.junit.runners.ParentRunner.access$000(ParentRunner.java:58)\r\n\tat org.junit.runners.ParentRunner$2.evaluate(ParentRunner.java:268)\r\n\tat org.junit.runners.ParentRunner.run(ParentRunner.java:363)\r\n\tat io.cucumber.junit.Cucumber.runChild(Cucumber.java:144)\r\n\tat io.cucumber.junit.Cucumber.runChild(Cucumber.java:65)\r\n\tat org.junit.runners.ParentRunner$3.run(ParentRunner.java:290)\r\n\tat org.junit.runners.ParentRunner$1.schedule(ParentRunner.java:71)\r\n\tat org.junit.runners.ParentRunner.runChildren(ParentRunner.java:288)\r\n\tat org.junit.runners.ParentRunner.access$000(ParentRunner.java:58)\r\n\tat org.junit.runners.ParentRunner$2.evaluate(ParentRunner.java:268)\r\n\tat io.cucumber.junit.Cucumber$RunCucumber.evaluate(Cucumber.java:174)\r\n\tat org.junit.runners.ParentRunner.run(ParentRunner.java:363)\r\n\tat org.junit.runner.JUnitCore.run(JUnitCore.java:137)\r\n\tat org.junit.runner.JUnitCore.run(JUnitCore.java:115)\r\n\tat org.junit.vintage.engine.execution.RunnerExecutor.execute(RunnerExecutor.java:39)\r\n\tat java.util.stream.ForEachOps$ForEachOp$OfRef.accept(Unknown Source)\r\n\tat java.util.stream.ReferencePipeline$3$1.accept(Unknown Source)\r\n\tat java.util.Iterator.forEachRemaining(Unknown Source)\r\n\tat java.util.Spliterators$IteratorSpliterator.forEachRemaining(Unknown Source)\r\n\tat java.util.stream.AbstractPipeline.copyInto(Unknown Source)\r\n\tat java.util.stream.AbstractPipeline.wrapAndCopyInto(Unknown Source)\r\n\tat java.util.stream.ForEachOps$ForEachOp.evaluateSequential(Unknown Source)\r\n\tat java.util.stream.ForEachOps$ForEachOp$OfRef.evaluateSequential(Unknown Source)\r\n\tat java.util.stream.AbstractPipeline.evaluate(Unknown Source)\r\n\tat java.util.stream.ReferencePipeline.forEach(Unknown Source)\r\n\tat org.junit.vintage.engine.VintageTestEngine.executeAllChildren(VintageTestEngine.java:79)\r\n\tat org.junit.vintage.engine.VintageTestEngine.execute(VintageTestEngine.java:70)\r\n\tat org.junit.platform.launcher.core.DefaultLauncher.execute(DefaultLauncher.java:220)\r\n\tat org.junit.platform.launcher.core.DefaultLauncher.lambda$execute$6(DefaultLauncher.java:188)\r\n\tat org.junit.platform.launcher.core.DefaultLauncher.withInterceptedStreams(DefaultLauncher.java:202)\r\n\tat org.junit.platform.launcher.core.DefaultLauncher.execute(DefaultLauncher.java:181)\r\n\tat org.junit.platform.launcher.core.DefaultLauncher.execute(DefaultLauncher.java:128)\r\n\tat org.eclipse.jdt.internal.junit5.runner.JUnit5TestReference.run(JUnit5TestReference.java:100)\r\n\tat org.eclipse.jdt.internal.junit.runner.TestExecution.run(TestExecution.java:41)\r\n\tat org.eclipse.jdt.internal.junit.runner.RemoteTestRunner.runTests(RemoteTestRunner.java:542)\r\n\tat org.eclipse.jdt.internal.junit.runner.RemoteTestRunner.runTests(RemoteTestRunner.java:770)\r\n\tat org.eclipse.jdt.internal.junit.runner.RemoteTestRunner.run(RemoteTestRunner.java:464)\r\n\tat org.eclipse.jdt.internal.junit.runner.RemoteTestRunner.main(RemoteTestRunner.java:210)\r\n"},"stage":"finished","steps":[],"attachments":[],"parameters":[],"start":1611730398825,"stop":1611730403042}],"afters":[{"name":"Hooks.tearDown(Scenario)","status":"broken","statusDetails":{"known":false,"muted":false,"flaky":false,"message":"After is failed: no such window: target window already closed\nfrom unknown error: web view not found\n  (Session info: chrome=87.0.4280.141)\nBuild info: version: '3.14.0', revision: 'aacccce0', time: '2018-08-02T20:19:58.91Z'\nSystem info: host: 'STFJFAC042737-L', ip: '192.168.2.122', os.name: 'Windows 10', os.arch: 'amd64', os.version: '10.0', java.version: '1.8.0_261'\nDriver info: org.openqa.selenium.chrome.ChromeDriver\nCapabilities {acceptInsecureCerts: false, browserName: chrome, browserVersion: 87.0.4280.141, chrome: {chromedriverVersion: 87.0.4280.88 (89e2380a3e36c..., userDataDir: C:\\Users\\BLMESQ~1\\AppData\\L...}, goog:chromeOptions: {debuggerAddress: localhost:56515}, javascriptEnabled: true, networkConnectionEnabled: false, pageLoadStrategy: normal, platform: WINDOWS, platformName: WINDOWS, proxy: Proxy(), setWindowRect: true, strictFileInteractability: false, timeouts: {implicit: 0, pageLoad: 300000, script: 30000}, unhandledPromptBehavior: dismiss and notify, webauthn:virtualAuthenticators: true}\nSession ID: 8a61cd9eab3f572c7dece8ed3a17735b","trace":"org.openqa.selenium.NoSuchWindowException: no such window: target window already closed\nfrom unknown error: web view not found\n  (Session info: chrome=87.0.4280.141)\nBuild info: version: '3.14.0', revision: 'aacccce0', time: '2018-08-02T20:19:58.91Z'\nSystem info: host: 'STFJFAC042737-L', ip: '192.168.2.122', os.name: 'Windows 10', os.arch: 'amd64', os.version: '10.0', java.version: '1.8.0_261'\nDriver info: org.openqa.selenium.chrome.ChromeDriver\nCapabilities {acceptInsecureCerts: false, browserName: chrome, browserVersion: 87.0.4280.141, chrome: {chromedriverVersion: 87.0.4280.88 (89e2380a3e36c..., userDataDir: C:\\Users\\BLMESQ~1\\AppData\\L...}, goog:chromeOptions: {debuggerAddress: localhost:56515}, javascriptEnabled: true, networkConnectionEnabled: false, pageLoadStrategy: normal, platform: WINDOWS, platformName: WINDOWS, proxy: Proxy(), setWindowRect: true, strictFileInteractability: false, timeouts: {implicit: 0, pageLoad: 300000, script: 30000}, unhandledPromptBehavior: dismiss and notify, webauthn:virtualAuthenticators: true}\nSession ID: 8a61cd9eab3f572c7dece8ed3a17735b\r\n\tat sun.reflect.NativeConstructorAccessorImpl.newInstance0(Native Method)\r\n\tat sun.reflect.NativeConstructorAccessorImpl.newInstance(Unknown Source)\r\n\tat sun.reflect.DelegatingConstructorAccessorImpl.newInstance(Unknown Source)\r\n\tat java.lang.reflect.Constructor.newInstance(Unknown Source)\r\n\tat org.openqa.selenium.remote.http.W3CHttpResponseCodec.createException(W3CHttpResponseCodec.java:187)\r\n\tat org.openqa.selenium.remote.http.W3CHttpResponseCodec.decode(W3CHttpResponseCodec.java:122)\r\n\tat org.openqa.selenium.remote.http.W3CHttpResponseCodec.decode(W3CHttpResponseCodec.java:49)\r\n\tat org.openqa.selenium.remote.HttpCommandExecutor.execute(HttpCommandExecutor.java:158)\r\n\tat org.openqa.selenium.remote.service.DriverCommandExecutor.execute(DriverCommandExecutor.java:83)\r\n\tat org.openqa.selenium.remote.RemoteWebDriver.execute(RemoteWebDriver.java:548)\r\n\tat org.openqa.selenium.remote.RemoteWebDriver.execute(RemoteWebDriver.java:605)\r\n\tat org.openqa.selenium.remote.RemoteWebDriver.getScreenshotAs(RemoteWebDriver.java:294)\r\n\tat utils.Utils.capturaTela(Utils.java:49)\r\n\tat steps.Hooks.tearDown(Hooks.java:21)\r\n\tat sun.reflect.NativeMethodAccessorImpl.invoke0(Native Method)\r\n\tat sun.reflect.NativeMethodAccessorImpl.invoke(Unknown Source)\r\n\tat sun.reflect.DelegatingMethodAccessorImpl.invoke(Unknown Source)\r\n\tat java.lang.reflect.Method.invoke(Unknown Source)\r\n\tat cucumber.runtime.Utils$1.call(Utils.java:26)\r\n\tat cucumber.runtime.Timeout.timeout(Timeout.java:16)\r\n\tat cucumber.runtime.Utils.invoke(Utils.java:20)\r\n\tat cucumber.runtime.java.JavaHookDefinition.execute(JavaHookDefinition.java:65)\r\n\tat cucumber.runner.HookDefinitionMatch.runStep(HookDefinitionMatch.java:16)\r\n\tat cucumber.runner.TestStep.executeStep(TestStep.java:65)\r\n\tat cucumber.runner.TestStep.run(TestStep.java:50)\r\n\tat cucumber.runner.TestCase.run(TestCase.java:50)\r\n\tat cucumber.runner.Runner.runPickle(Runner.java:50)\r\n\tat io.cucumber.junit.PickleRunners$NoStepDescriptions.run(PickleRunners.java:146)\r\n\tat io.cucumber.junit.FeatureRunner.runChild(FeatureRunner.java:68)\r\n\tat io.cucumber.junit.FeatureRunner.runChild(FeatureRunner.java:23)\r\n\tat org.junit.runners.ParentRunner$3.run(ParentRunner.java:290)\r\n\tat org.junit.runners.ParentRunner$1.schedule(ParentRunner.java:71)\r\n\tat org.junit.runners.ParentRunner.runChildren(ParentRunner.java:288)\r\n\tat org.junit.runners.ParentRunner.access$000(ParentRunner.java:58)\r\n\tat org.junit.runners.ParentRunner$2.evaluate(ParentRunner.java:268)\r\n\tat org.junit.runners.ParentRunner.run(ParentRunner.java:363)\r\n\tat io.cucumber.junit.Cucumber.runChild(Cucumber.java:144)\r\n\tat io.cucumber.junit.Cucumber.runChild(Cucumber.java:65)\r\n\tat org.junit.runners.ParentRunner$3.run(ParentRunner.java:290)\r\n\tat org.junit.runners.ParentRunner$1.schedule(ParentRunner.java:71)\r\n\tat org.junit.runners.ParentRunner.runChildren(ParentRunner.java:288)\r\n\tat org.junit.runners.ParentRunner.access$000(ParentRunner.java:58)\r\n\tat org.junit.runners.ParentRunner$2.evaluate(ParentRunner.java:268)\r\n\tat io.cucumber.junit.Cucumber$RunCucumber.evaluate(Cucumber.java:174)\r\n\tat org.junit.runners.ParentRunner.run(ParentRunner.java:363)\r\n\tat org.junit.runner.JUnitCore.run(JUnitCore.java:137)\r\n\tat org.junit.runner.JUnitCore.run(JUnitCore.java:115)\r\n\tat org.junit.vintage.engine.execution.RunnerExecutor.execute(RunnerExecutor.java:39)\r\n\tat java.util.stream.ForEachOps$ForEachOp$OfRef.accept(Unknown Source)\r\n\tat java.util.stream.ReferencePipeline$3$1.accept(Unknown Source)\r\n\tat java.util.Iterator.forEachRemaining(Unknown Source)\r\n\tat java.util.Spliterators$IteratorSpliterator.forEachRemaining(Unknown Source)\r\n\tat java.util.stream.AbstractPipeline.copyInto(Unknown Source)\r\n\tat java.util.stream.AbstractPipeline.wrapAndCopyInto(Unknown Source)\r\n\tat java.util.stream.ForEachOps$ForEachOp.evaluateSequential(Unknown Source)\r\n\tat java.util.stream.ForEachOps$ForEachOp$OfRef.evaluateSequential(Unknown Source)\r\n\tat java.util.stream.AbstractPipeline.evaluate(Unknown Source)\r\n\tat java.util.stream.ReferencePipeline.forEach(Unknown Source)\r\n\tat org.junit.vintage.engine.VintageTestEngine.executeAllChildren(VintageTestEngine.java:79)\r\n\tat org.junit.vintage.engine.VintageTestEngine.execute(VintageTestEngine.java:70)\r\n\tat org.junit.platform.launcher.core.DefaultLauncher.execute(DefaultLauncher.java:220)\r\n\tat org.junit.platform.launcher.core.DefaultLauncher.lambda$execute$6(DefaultLauncher.java:188)\r\n\tat org.junit.platform.launcher.core.DefaultLauncher.withInterceptedStreams(DefaultLauncher.java:202)\r\n\tat org.junit.platform.launcher.core.DefaultLauncher.execute(DefaultLauncher.java:181)\r\n\tat org.junit.platform.launcher.core.DefaultLauncher.execute(DefaultLauncher.java:128)\r\n\tat org.eclipse.jdt.internal.junit5.runner.JUnit5TestReference.run(JUnit5TestReference.java:100)\r\n\tat org.eclipse.jdt.internal.junit.runner.TestExecution.run(TestExecution.java:41)\r\n\tat org.eclipse.jdt.internal.junit.runner.RemoteTestRunner.runTests(RemoteTestRunner.java:542)\r\n\tat org.eclipse.jdt.internal.junit.runner.RemoteTestRunner.runTests(RemoteTestRunner.java:770)\r\n\tat org.eclipse.jdt.internal.junit.runner.RemoteTestRunner.run(RemoteTestRunner.java:464)\r\n\tat org.eclipse.jdt.internal.junit.runner.RemoteTestRunner.main(RemoteTestRunner.java:210)\r\n"},"stage":"finished","steps":[],"attachments":[],"parameters":[],"start":1611730403048,"stop":1611730403053}],"links":[],"start":1611730398824,"stop":1611730403055}