{"name":"Login cenario 12","status":"broken","statusDetails":{"known":false,"muted":false,"flaky":false,"message":"no such element: Unable to locate element: {\"method\":\"xpath\",\"selector\":\"/html/body/div[2]/div[3]/div[1]/div/div/span/div[1]\"}\n  (Session info: chrome=87.0.4280.141)\nFor documentation on this error, please visit: http://seleniumhq.org/exceptions/no_such_element.html\nBuild info: version: '3.14.0', revision: 'aacccce0', time: '2018-08-02T20:19:58.91Z'\nSystem info: host: 'STFJFAC042737-L', ip: '192.168.2.122', os.name: 'Windows 10', os.arch: 'amd64', os.version: '10.0', java.version: '1.8.0_261'\nDriver info: org.openqa.selenium.chrome.ChromeDriver\nCapabilities {acceptInsecureCerts: false, browserName: chrome, browserVersion: 87.0.4280.141, chrome: {chromedriverVersion: 87.0.4280.88 (89e2380a3e36c..., userDataDir: C:\\Users\\BLMESQ~1\\AppData\\L...}, goog:chromeOptions: {debuggerAddress: localhost:52073}, javascriptEnabled: true, networkConnectionEnabled: false, pageLoadStrategy: normal, platform: WINDOWS, platformName: WINDOWS, proxy: Proxy(), setWindowRect: true, strictFileInteractability: false, timeouts: {implicit: 0, pageLoad: 300000, script: 30000}, unhandledPromptBehavior: dismiss and notify, webauthn:virtualAuthenticators: true}\nSession ID: 0aea4819307dbe5f4054f1776d9d796b\n*** Element info: {Using=xpath, value=/html/body/div[2]/div[3]/div[1]/div/div/span/div[1]}","trace":"org.openqa.selenium.NoSuchElementException: no such element: Unable to locate element: {\"method\":\"xpath\",\"selector\":\"/html/body/div[2]/div[3]/div[1]/div/div/span/div[1]\"}\n  (Session info: chrome=87.0.4280.141)\nFor documentation on this error, please visit: http://seleniumhq.org/exceptions/no_such_element.html\nBuild info: version: '3.14.0', revision: 'aacccce0', time: '2018-08-02T20:19:58.91Z'\nSystem info: host: 'STFJFAC042737-L', ip: '192.168.2.122', os.name: 'Windows 10', os.arch: 'amd64', os.version: '10.0', java.version: '1.8.0_261'\nDriver info: org.openqa.selenium.chrome.ChromeDriver\nCapabilities {acceptInsecureCerts: false, browserName: chrome, browserVersion: 87.0.4280.141, chrome: {chromedriverVersion: 87.0.4280.88 (89e2380a3e36c..., userDataDir: C:\\Users\\BLMESQ~1\\AppData\\L...}, goog:chromeOptions: {debuggerAddress: localhost:52073}, javascriptEnabled: true, networkConnectionEnabled: false, pageLoadStrategy: normal, platform: WINDOWS, platformName: WINDOWS, proxy: Proxy(), setWindowRect: true, strictFileInteractability: false, timeouts: {implicit: 0, pageLoad: 300000, script: 30000}, unhandledPromptBehavior: dismiss and notify, webauthn:virtualAuthenticators: true}\nSession ID: 0aea4819307dbe5f4054f1776d9d796b\n*** Element info: {Using=xpath, value=/html/body/div[2]/div[3]/div[1]/div/div/span/div[1]}\r\n\tat sun.reflect.NativeConstructorAccessorImpl.newInstance0(Native Method)\r\n\tat sun.reflect.NativeConstructorAccessorImpl.newInstance(Unknown Source)\r\n\tat sun.reflect.DelegatingConstructorAccessorImpl.newInstance(Unknown Source)\r\n\tat java.lang.reflect.Constructor.newInstance(Unknown Source)\r\n\tat org.openqa.selenium.remote.http.W3CHttpResponseCodec.createException(W3CHttpResponseCodec.java:187)\r\n\tat org.openqa.selenium.remote.http.W3CHttpResponseCodec.decode(W3CHttpResponseCodec.java:122)\r\n\tat org.openqa.selenium.remote.http.W3CHttpResponseCodec.decode(W3CHttpResponseCodec.java:49)\r\n\tat org.openqa.selenium.remote.HttpCommandExecutor.execute(HttpCommandExecutor.java:158)\r\n\tat org.openqa.selenium.remote.service.DriverCommandExecutor.execute(DriverCommandExecutor.java:83)\r\n\tat org.openqa.selenium.remote.RemoteWebDriver.execute(RemoteWebDriver.java:548)\r\n\tat org.openqa.selenium.remote.RemoteWebDriver.findElement(RemoteWebDriver.java:322)\r\n\tat org.openqa.selenium.remote.RemoteWebDriver.findElementByXPath(RemoteWebDriver.java:424)\r\n\tat org.openqa.selenium.By$ByXPath.findElement(By.java:353)\r\n\tat org.openqa.selenium.remote.RemoteWebDriver.findElement(RemoteWebDriver.java:314)\r\n\tat utils.Utils.clickCaptcha(Utils.java:139)\r\n\tat pages.LoginInitPages.selecionaBotao(LoginInitPages.java:77)\r\n\tat steps.LoginInitSteps.selecionoOBotao(LoginInitSteps.java:24)\r\n\tat ✽.seleciono o botao \"captcha\"(file:src/test/resources/features/login/loginInit.feature:35)\r\n"},"stage":"finished","steps":[{"name":"Dado  que eu acesse a plataforma de cursos","status":"passed","statusDetails":{"known":false,"muted":false,"flaky":false},"stage":"finished","steps":[],"attachments":[],"parameters":[],"start":1611750486005,"stop":1611750486100},{"name":"Quando  clico em \"Login\" e \"Cadastre-se\"","status":"passed","statusDetails":{"known":false,"muted":false,"flaky":false},"stage":"finished","steps":[],"attachments":[],"parameters":[],"start":1611750486100,"stop":1611750487835},{"name":"Quando  clico no campo \"e-mail\" e escrevo \"brunoleitemesquita@gmail.com\"","status":"passed","statusDetails":{"known":false,"muted":false,"flaky":false},"stage":"finished","steps":[],"attachments":[],"parameters":[],"start":1611750487836,"stop":1611750487942},{"name":"E  clico no campo \"senha\" e escrevo \"teste456\"","status":"passed","statusDetails":{"known":false,"muted":false,"flaky":false},"stage":"finished","steps":[],"attachments":[],"parameters":[],"start":1611750487942,"stop":1611750488033},{"name":"E  seleciono o botao \"captcha\"","status":"broken","statusDetails":{"known":false,"muted":false,"flaky":false,"message":"no such element: Unable to locate element: {\"method\":\"xpath\",\"selector\":\"/html/body/div[2]/div[3]/div[1]/div/div/span/div[1]\"}\n  (Session info: chrome=87.0.4280.141)\nFor documentation on this error, please visit: http://seleniumhq.org/exceptions/no_such_element.html\nBuild info: version: '3.14.0', revision: 'aacccce0', time: '2018-08-02T20:19:58.91Z'\nSystem info: host: 'STFJFAC042737-L', ip: '192.168.2.122', os.name: 'Windows 10', os.arch: 'amd64', os.version: '10.0', java.version: '1.8.0_261'\nDriver info: org.openqa.selenium.chrome.ChromeDriver\nCapabilities {acceptInsecureCerts: false, browserName: chrome, browserVersion: 87.0.4280.141, chrome: {chromedriverVersion: 87.0.4280.88 (89e2380a3e36c..., userDataDir: C:\\Users\\BLMESQ~1\\AppData\\L...}, goog:chromeOptions: {debuggerAddress: localhost:52073}, javascriptEnabled: true, networkConnectionEnabled: false, pageLoadStrategy: normal, platform: WINDOWS, platformName: WINDOWS, proxy: Proxy(), setWindowRect: true, strictFileInteractability: false, timeouts: {implicit: 0, pageLoad: 300000, script: 30000}, unhandledPromptBehavior: dismiss and notify, webauthn:virtualAuthenticators: true}\nSession ID: 0aea4819307dbe5f4054f1776d9d796b\n*** Element info: {Using=xpath, value=/html/body/div[2]/div[3]/div[1]/div/div/span/div[1]}","trace":"org.openqa.selenium.NoSuchElementException: no such element: Unable to locate element: {\"method\":\"xpath\",\"selector\":\"/html/body/div[2]/div[3]/div[1]/div/div/span/div[1]\"}\n  (Session info: chrome=87.0.4280.141)\nFor documentation on this error, please visit: http://seleniumhq.org/exceptions/no_such_element.html\nBuild info: version: '3.14.0', revision: 'aacccce0', time: '2018-08-02T20:19:58.91Z'\nSystem info: host: 'STFJFAC042737-L', ip: '192.168.2.122', os.name: 'Windows 10', os.arch: 'amd64', os.version: '10.0', java.version: '1.8.0_261'\nDriver info: org.openqa.selenium.chrome.ChromeDriver\nCapabilities {acceptInsecureCerts: false, browserName: chrome, browserVersion: 87.0.4280.141, chrome: {chromedriverVersion: 87.0.4280.88 (89e2380a3e36c..., userDataDir: C:\\Users\\BLMESQ~1\\AppData\\L...}, goog:chromeOptions: {debuggerAddress: localhost:52073}, javascriptEnabled: true, networkConnectionEnabled: false, pageLoadStrategy: normal, platform: WINDOWS, platformName: WINDOWS, proxy: Proxy(), setWindowRect: true, strictFileInteractability: false, timeouts: {implicit: 0, pageLoad: 300000, script: 30000}, unhandledPromptBehavior: dismiss and notify, webauthn:virtualAuthenticators: true}\nSession ID: 0aea4819307dbe5f4054f1776d9d796b\n*** Element info: {Using=xpath, value=/html/body/div[2]/div[3]/div[1]/div/div/span/div[1]}\r\n\tat sun.reflect.NativeConstructorAccessorImpl.newInstance0(Native Method)\r\n\tat sun.reflect.NativeConstructorAccessorImpl.newInstance(Unknown Source)\r\n\tat sun.reflect.DelegatingConstructorAccessorImpl.newInstance(Unknown Source)\r\n\tat java.lang.reflect.Constructor.newInstance(Unknown Source)\r\n\tat org.openqa.selenium.remote.http.W3CHttpResponseCodec.createException(W3CHttpResponseCodec.java:187)\r\n\tat org.openqa.selenium.remote.http.W3CHttpResponseCodec.decode(W3CHttpResponseCodec.java:122)\r\n\tat org.openqa.selenium.remote.http.W3CHttpResponseCodec.decode(W3CHttpResponseCodec.java:49)\r\n\tat org.openqa.selenium.remote.HttpCommandExecutor.execute(HttpCommandExecutor.java:158)\r\n\tat org.openqa.selenium.remote.service.DriverCommandExecutor.execute(DriverCommandExecutor.java:83)\r\n\tat org.openqa.selenium.remote.RemoteWebDriver.execute(RemoteWebDriver.java:548)\r\n\tat org.openqa.selenium.remote.RemoteWebDriver.findElement(RemoteWebDriver.java:322)\r\n\tat org.openqa.selenium.remote.RemoteWebDriver.findElementByXPath(RemoteWebDriver.java:424)\r\n\tat org.openqa.selenium.By$ByXPath.findElement(By.java:353)\r\n\tat org.openqa.selenium.remote.RemoteWebDriver.findElement(RemoteWebDriver.java:314)\r\n\tat utils.Utils.clickCaptcha(Utils.java:139)\r\n\tat pages.LoginInitPages.selecionaBotao(LoginInitPages.java:77)\r\n\tat steps.LoginInitSteps.selecionoOBotao(LoginInitSteps.java:24)\r\n\tat ✽.seleciono o botao \"captcha\"(file:src/test/resources/features/login/loginInit.feature:35)\r\n"},"stage":"finished","steps":[],"attachments":[],"parameters":[],"start":1611750488033,"stop":1611750493115},{"name":"E  seleciono o botao \"Cadastrar\"","status":"skipped","statusDetails":{"known":false,"muted":false,"flaky":false},"stage":"finished","steps":[],"attachments":[],"parameters":[],"start":1611750493115,"stop":1611750493115},{"name":"Entao  o sistema 12 apresenta \"Erro - Senha incorreta\"","status":"skipped","statusDetails":{"known":false,"muted":false,"flaky":false},"stage":"finished","steps":[],"attachments":[],"parameters":[],"start":1611750493116,"stop":1611750493116}],"attachments":[],"parameters":[{"name":"Id","value":"12"},{"name":"E-Mail","value":"brunoleitemesquita@gmail.com"},{"name":"Senha","value":"teste456"},{"name":"Retorno","value":"Erro - Senha incorreta"}],"start":1611750477792,"stop":1611750494503,"uuid":"735d920e-5ad4-454e-83a6-04ab69a8da0d","historyId":"c7770f18c19cb2edf4d07941349465fc","fullName":"Criação de logins e acessos: Login cenario 12","labels":[{"name":"feature","value":"Criação de logins e acessos"},{"name":"story","value":"Login cenario 12"},{"name":"tag","value":"teste"},{"name":"host","value":"STFJFAC042737-L"},{"name":"thread","value":"24408@STFJFAC042737-L.main(1)"},{"name":"package","value":"Criação de logins e acessos"},{"name":"suite","value":"Criação de logins e acessos"},{"name":"testClass","value":"Login cenario 12"},{"name":"framework","value":"cucumber3jvm"},{"name":"language","value":"java"}],"links":[]}