{"name":"Login cenario 11","status":"broken","statusDetails":{"known":false,"muted":false,"flaky":false,"message":"no such element: Unable to locate element: {\"method\":\"xpath\",\"selector\":\"/html/body/div[2]/div[3]/div[1]/div/div/span/div[1]\"}\n  (Session info: chrome=87.0.4280.141)\nFor documentation on this error, please visit: http://seleniumhq.org/exceptions/no_such_element.html\nBuild info: version: '3.14.0', revision: 'aacccce0', time: '2018-08-02T20:19:58.91Z'\nSystem info: host: 'STFJFAC042737-L', ip: '192.168.2.122', os.name: 'Windows 10', os.arch: 'amd64', os.version: '10.0', java.version: '1.8.0_261'\nDriver info: org.openqa.selenium.chrome.ChromeDriver\nCapabilities {acceptInsecureCerts: false, browserName: chrome, browserVersion: 87.0.4280.141, chrome: {chromedriverVersion: 87.0.4280.88 (89e2380a3e36c..., userDataDir: C:\\Users\\BLMESQ~1\\AppData\\L...}, goog:chromeOptions: {debuggerAddress: localhost:52002}, javascriptEnabled: true, networkConnectionEnabled: false, pageLoadStrategy: normal, platform: WINDOWS, platformName: WINDOWS, proxy: Proxy(), setWindowRect: true, strictFileInteractability: false, timeouts: {implicit: 0, pageLoad: 300000, script: 30000}, unhandledPromptBehavior: dismiss and notify, webauthn:virtualAuthenticators: true}\nSession ID: 308f1cd496bb5bd61c59ab2608165512\n*** Element info: {Using=xpath, value=/html/body/div[2]/div[3]/div[1]/div/div/span/div[1]}","trace":"org.openqa.selenium.NoSuchElementException: no such element: Unable to locate element: {\"method\":\"xpath\",\"selector\":\"/html/body/div[2]/div[3]/div[1]/div/div/span/div[1]\"}\n  (Session info: chrome=87.0.4280.141)\nFor documentation on this error, please visit: http://seleniumhq.org/exceptions/no_such_element.html\nBuild info: version: '3.14.0', revision: 'aacccce0', time: '2018-08-02T20:19:58.91Z'\nSystem info: host: 'STFJFAC042737-L', ip: '192.168.2.122', os.name: 'Windows 10', os.arch: 'amd64', os.version: '10.0', java.version: '1.8.0_261'\nDriver info: org.openqa.selenium.chrome.ChromeDriver\nCapabilities {acceptInsecureCerts: false, browserName: chrome, browserVersion: 87.0.4280.141, chrome: {chromedriverVersion: 87.0.4280.88 (89e2380a3e36c..., userDataDir: C:\\Users\\BLMESQ~1\\AppData\\L...}, goog:chromeOptions: {debuggerAddress: localhost:52002}, javascriptEnabled: true, networkConnectionEnabled: false, pageLoadStrategy: normal, platform: WINDOWS, platformName: WINDOWS, proxy: Proxy(), setWindowRect: true, strictFileInteractability: false, timeouts: {implicit: 0, pageLoad: 300000, script: 30000}, unhandledPromptBehavior: dismiss and notify, webauthn:virtualAuthenticators: true}\nSession ID: 308f1cd496bb5bd61c59ab2608165512\n*** Element info: {Using=xpath, value=/html/body/div[2]/div[3]/div[1]/div/div/span/div[1]}\r\n\tat sun.reflect.NativeConstructorAccessorImpl.newInstance0(Native Method)\r\n\tat sun.reflect.NativeConstructorAccessorImpl.newInstance(Unknown Source)\r\n\tat sun.reflect.DelegatingConstructorAccessorImpl.newInstance(Unknown Source)\r\n\tat java.lang.reflect.Constructor.newInstance(Unknown Source)\r\n\tat org.openqa.selenium.remote.http.W3CHttpResponseCodec.createException(W3CHttpResponseCodec.java:187)\r\n\tat org.openqa.selenium.remote.http.W3CHttpResponseCodec.decode(W3CHttpResponseCodec.java:122)\r\n\tat org.openqa.selenium.remote.http.W3CHttpResponseCodec.decode(W3CHttpResponseCodec.java:49)\r\n\tat org.openqa.selenium.remote.HttpCommandExecutor.execute(HttpCommandExecutor.java:158)\r\n\tat org.openqa.selenium.remote.service.DriverCommandExecutor.execute(DriverCommandExecutor.java:83)\r\n\tat org.openqa.selenium.remote.RemoteWebDriver.execute(RemoteWebDriver.java:548)\r\n\tat org.openqa.selenium.remote.RemoteWebDriver.findElement(RemoteWebDriver.java:322)\r\n\tat org.openqa.selenium.remote.RemoteWebDriver.findElementByXPath(RemoteWebDriver.java:424)\r\n\tat org.openqa.selenium.By$ByXPath.findElement(By.java:353)\r\n\tat org.openqa.selenium.remote.RemoteWebDriver.findElement(RemoteWebDriver.java:314)\r\n\tat utils.Utils.clickCaptcha(Utils.java:139)\r\n\tat pages.LoginInitPages.selecionaBotao(LoginInitPages.java:77)\r\n\tat steps.LoginInitSteps.selecionoOBotao(LoginInitSteps.java:24)\r\n\tat ✽.seleciono o botao \"captcha\"(file:src/test/resources/features/login/loginInit.feature:35)\r\n"},"stage":"finished","steps":[{"name":"Dado  que eu acesse a plataforma de cursos","status":"passed","statusDetails":{"known":false,"muted":false,"flaky":false},"stage":"finished","steps":[],"attachments":[],"parameters":[],"start":1611750469307,"stop":1611750469408},{"name":"Quando  clico em \"Login\" e \"Cadastre-se\"","status":"passed","statusDetails":{"known":false,"muted":false,"flaky":false},"stage":"finished","steps":[],"attachments":[],"parameters":[],"start":1611750469409,"stop":1611750471109},{"name":"Quando  clico no campo \"e-mail\" e escrevo \"brunoleitemesquita@gmail.com\"","status":"passed","statusDetails":{"known":false,"muted":false,"flaky":false},"stage":"finished","steps":[],"attachments":[],"parameters":[],"start":1611750471109,"stop":1611750471217},{"name":"E  clico no campo \"senha\" e escrevo \"\"","status":"passed","statusDetails":{"known":false,"muted":false,"flaky":false},"stage":"finished","steps":[],"attachments":[],"parameters":[],"start":1611750471217,"stop":1611750471288},{"name":"E  seleciono o botao \"captcha\"","status":"broken","statusDetails":{"known":false,"muted":false,"flaky":false,"message":"no such element: Unable to locate element: {\"method\":\"xpath\",\"selector\":\"/html/body/div[2]/div[3]/div[1]/div/div/span/div[1]\"}\n  (Session info: chrome=87.0.4280.141)\nFor documentation on this error, please visit: http://seleniumhq.org/exceptions/no_such_element.html\nBuild info: version: '3.14.0', revision: 'aacccce0', time: '2018-08-02T20:19:58.91Z'\nSystem info: host: 'STFJFAC042737-L', ip: '192.168.2.122', os.name: 'Windows 10', os.arch: 'amd64', os.version: '10.0', java.version: '1.8.0_261'\nDriver info: org.openqa.selenium.chrome.ChromeDriver\nCapabilities {acceptInsecureCerts: false, browserName: chrome, browserVersion: 87.0.4280.141, chrome: {chromedriverVersion: 87.0.4280.88 (89e2380a3e36c..., userDataDir: C:\\Users\\BLMESQ~1\\AppData\\L...}, goog:chromeOptions: {debuggerAddress: localhost:52002}, javascriptEnabled: true, networkConnectionEnabled: false, pageLoadStrategy: normal, platform: WINDOWS, platformName: WINDOWS, proxy: Proxy(), setWindowRect: true, strictFileInteractability: false, timeouts: {implicit: 0, pageLoad: 300000, script: 30000}, unhandledPromptBehavior: dismiss and notify, webauthn:virtualAuthenticators: true}\nSession ID: 308f1cd496bb5bd61c59ab2608165512\n*** Element info: {Using=xpath, value=/html/body/div[2]/div[3]/div[1]/div/div/span/div[1]}","trace":"org.openqa.selenium.NoSuchElementException: no such element: Unable to locate element: {\"method\":\"xpath\",\"selector\":\"/html/body/div[2]/div[3]/div[1]/div/div/span/div[1]\"}\n  (Session info: chrome=87.0.4280.141)\nFor documentation on this error, please visit: http://seleniumhq.org/exceptions/no_such_element.html\nBuild info: version: '3.14.0', revision: 'aacccce0', time: '2018-08-02T20:19:58.91Z'\nSystem info: host: 'STFJFAC042737-L', ip: '192.168.2.122', os.name: 'Windows 10', os.arch: 'amd64', os.version: '10.0', java.version: '1.8.0_261'\nDriver info: org.openqa.selenium.chrome.ChromeDriver\nCapabilities {acceptInsecureCerts: false, browserName: chrome, browserVersion: 87.0.4280.141, chrome: {chromedriverVersion: 87.0.4280.88 (89e2380a3e36c..., userDataDir: C:\\Users\\BLMESQ~1\\AppData\\L...}, goog:chromeOptions: {debuggerAddress: localhost:52002}, javascriptEnabled: true, networkConnectionEnabled: false, pageLoadStrategy: normal, platform: WINDOWS, platformName: WINDOWS, proxy: Proxy(), setWindowRect: true, strictFileInteractability: false, timeouts: {implicit: 0, pageLoad: 300000, script: 30000}, unhandledPromptBehavior: dismiss and notify, webauthn:virtualAuthenticators: true}\nSession ID: 308f1cd496bb5bd61c59ab2608165512\n*** Element info: {Using=xpath, value=/html/body/div[2]/div[3]/div[1]/div/div/span/div[1]}\r\n\tat sun.reflect.NativeConstructorAccessorImpl.newInstance0(Native Method)\r\n\tat sun.reflect.NativeConstructorAccessorImpl.newInstance(Unknown Source)\r\n\tat sun.reflect.DelegatingConstructorAccessorImpl.newInstance(Unknown Source)\r\n\tat java.lang.reflect.Constructor.newInstance(Unknown Source)\r\n\tat org.openqa.selenium.remote.http.W3CHttpResponseCodec.createException(W3CHttpResponseCodec.java:187)\r\n\tat org.openqa.selenium.remote.http.W3CHttpResponseCodec.decode(W3CHttpResponseCodec.java:122)\r\n\tat org.openqa.selenium.remote.http.W3CHttpResponseCodec.decode(W3CHttpResponseCodec.java:49)\r\n\tat org.openqa.selenium.remote.HttpCommandExecutor.execute(HttpCommandExecutor.java:158)\r\n\tat org.openqa.selenium.remote.service.DriverCommandExecutor.execute(DriverCommandExecutor.java:83)\r\n\tat org.openqa.selenium.remote.RemoteWebDriver.execute(RemoteWebDriver.java:548)\r\n\tat org.openqa.selenium.remote.RemoteWebDriver.findElement(RemoteWebDriver.java:322)\r\n\tat org.openqa.selenium.remote.RemoteWebDriver.findElementByXPath(RemoteWebDriver.java:424)\r\n\tat org.openqa.selenium.By$ByXPath.findElement(By.java:353)\r\n\tat org.openqa.selenium.remote.RemoteWebDriver.findElement(RemoteWebDriver.java:314)\r\n\tat utils.Utils.clickCaptcha(Utils.java:139)\r\n\tat pages.LoginInitPages.selecionaBotao(LoginInitPages.java:77)\r\n\tat steps.LoginInitSteps.selecionoOBotao(LoginInitSteps.java:24)\r\n\tat ✽.seleciono o botao \"captcha\"(file:src/test/resources/features/login/loginInit.feature:35)\r\n"},"stage":"finished","steps":[],"attachments":[],"parameters":[],"start":1611750471288,"stop":1611750476328},{"name":"E  seleciono o botao \"Cadastrar\"","status":"skipped","statusDetails":{"known":false,"muted":false,"flaky":false},"stage":"finished","steps":[],"attachments":[],"parameters":[],"start":1611750476329,"stop":1611750476329},{"name":"Entao  o sistema 11 apresenta \"Erro - campo obrigatorio vazio\"","status":"skipped","statusDetails":{"known":false,"muted":false,"flaky":false},"stage":"finished","steps":[],"attachments":[],"parameters":[],"start":1611750476330,"stop":1611750476330}],"attachments":[],"parameters":[{"name":"Id","value":"11"},{"name":"E-Mail","value":"brunoleitemesquita@gmail.com"},{"name":"Senha","value":""},{"name":"Retorno","value":"Erro - campo obrigatorio vazio"}],"start":1611750461110,"stop":1611750477787,"uuid":"ef0934bc-aca6-4b54-95b2-e1be5c643517","historyId":"1b51d561234695fd4d5eef5bf9573fa5","fullName":"Criação de logins e acessos: Login cenario 11","labels":[{"name":"feature","value":"Criação de logins e acessos"},{"name":"story","value":"Login cenario 11"},{"name":"tag","value":"teste"},{"name":"host","value":"STFJFAC042737-L"},{"name":"thread","value":"24408@STFJFAC042737-L.main(1)"},{"name":"package","value":"Criação de logins e acessos"},{"name":"suite","value":"Criação de logins e acessos"},{"name":"testClass","value":"Login cenario 11"},{"name":"framework","value":"cucumber3jvm"},{"name":"language","value":"java"}],"links":[]}